timestamp: 2020-02-07T15:26:14.824308
CREATE TABLE "auth_user"(
    "id" INTEGER PRIMARY KEY AUTOINCREMENT,
    "first_name" CHAR(128),
    "last_name" CHAR(128),
    "email" CHAR(512),
    "password" CHAR(512),
    "registration_key" CHAR(512),
    "reset_password_key" CHAR(512),
    "registration_id" CHAR(512)
);
success!
timestamp: 2020-02-07T15:26:14.853510
CREATE TABLE "auth_group"(
    "id" INTEGER PRIMARY KEY AUTOINCREMENT,
    "role" CHAR(512),
    "description" TEXT
);
success!
timestamp: 2020-02-07T15:26:14.871116
CREATE TABLE "auth_membership"(
    "id" INTEGER PRIMARY KEY AUTOINCREMENT,
    "user_id" INTEGER REFERENCES "auth_user" ("id") ON DELETE CASCADE  ,
    "group_id" INTEGER REFERENCES "auth_group" ("id") ON DELETE CASCADE  
);
success!
timestamp: 2020-02-07T15:26:14.887909
CREATE TABLE "auth_permission"(
    "id" INTEGER PRIMARY KEY AUTOINCREMENT,
    "group_id" INTEGER REFERENCES "auth_group" ("id") ON DELETE CASCADE  ,
    "name" CHAR(512),
    "table_name" CHAR(512),
    "record_id" INTEGER
);
success!
timestamp: 2020-02-07T15:26:14.910505
CREATE TABLE "auth_event"(
    "id" INTEGER PRIMARY KEY AUTOINCREMENT,
    "time_stamp" TIMESTAMP,
    "client_ip" CHAR(512),
    "user_id" INTEGER REFERENCES "auth_user" ("id") ON DELETE CASCADE  ,
    "origin" CHAR(512),
    "description" TEXT
);
success!
timestamp: 2020-02-07T15:26:14.932197
CREATE TABLE "auth_cas"(
    "id" INTEGER PRIMARY KEY AUTOINCREMENT,
    "user_id" INTEGER REFERENCES "auth_user" ("id") ON DELETE CASCADE  ,
    "created_on" TIMESTAMP,
    "service" CHAR(512),
    "ticket" CHAR(512),
    "renew" CHAR(1)
);
success!
timestamp: 2020-02-07T15:26:14.953861
CREATE TABLE "t_progetto"(
    "id" INTEGER PRIMARY KEY AUTOINCREMENT,
    "f_nome" CHAR(512),
    "f_descrizione" CHAR(512),
    "f_data_inizio" CHAR(512),
    "f_data_fine" CHAR(512)
);
success!
timestamp: 2020-02-07T15:26:14.971488
CREATE TABLE "t_progetto_archive"(
    "id" INTEGER PRIMARY KEY AUTOINCREMENT,
    "f_nome" CHAR(512),
    "f_descrizione" CHAR(512),
    "f_data_inizio" CHAR(512),
    "f_data_fine" CHAR(512),
    "current_record" INTEGER REFERENCES "t_progetto" ("id") ON DELETE CASCADE  
);
success!
timestamp: 2020-02-07T15:26:14.998144
CREATE TABLE "t_utente"(
    "id" INTEGER PRIMARY KEY AUTOINCREMENT,
    "f_username" CHAR(512),
    "f_email" CHAR(512),
    "f_password" CHAR(512)
);
success!
timestamp: 2020-02-07T15:26:15.013223
CREATE TABLE "t_utente_archive"(
    "id" INTEGER PRIMARY KEY AUTOINCREMENT,
    "f_username" CHAR(512),
    "f_email" CHAR(512),
    "f_password" CHAR(512),
    "current_record" INTEGER REFERENCES "t_utente" ("id") ON DELETE CASCADE  
);
success!
timestamp: 2020-02-07T15:26:15.030697
CREATE TABLE "t_attivita"(
    "id" INTEGER PRIMARY KEY AUTOINCREMENT,
    "f_id_progetto" CHAR(512),
    "f_id_utente" CHAR(512),
    "f_descrizione" CHAR(512),
    "f_data_inizio" CHAR(512),
    "f_data_fine" CHAR(512)
);
success!
timestamp: 2020-02-07T15:26:15.052028
CREATE TABLE "t_attivita_archive"(
    "id" INTEGER PRIMARY KEY AUTOINCREMENT,
    "f_id_progetto" CHAR(512),
    "f_id_utente" CHAR(512),
    "f_descrizione" CHAR(512),
    "f_data_inizio" CHAR(512),
    "f_data_fine" CHAR(512),
    "current_record" INTEGER REFERENCES "t_attivita" ("id") ON DELETE CASCADE  
);
success!
timestamp: 2020-02-07T15:26:15.071357
CREATE TABLE "t_permessi"(
    "id" INTEGER PRIMARY KEY AUTOINCREMENT,
    "f_id_utente" CHAR(512),
    "f_id_progetto" CHAR(512),
    "f_permesso" CHAR(512)
);
success!
timestamp: 2020-02-07T15:26:15.097730
CREATE TABLE "t_permessi_archive"(
    "id" INTEGER PRIMARY KEY AUTOINCREMENT,
    "f_id_utente" CHAR(512),
    "f_id_progetto" CHAR(512),
    "f_permesso" CHAR(512),
    "current_record" INTEGER REFERENCES "t_permessi" ("id") ON DELETE CASCADE  
);
success!
success!
success!
success!
success!
