[2020-02-07 15:09:49] START
[2020-02-07 15:09:49] CREATE add_something.html: 0
[2020-02-07 15:10:25] EDIT ProPlan/views/add_something.html: 0
[2020-02-07 15:16:03] EDIT ProPlan/controllers/default.py: 2
[2020-02-07 15:16:22] EDIT ProPlan/controllers/default.py: 0
[2020-02-07 15:16:34] EDIT ProPlan/controllers/default.py: 0
[2020-02-07 15:32:19] EDIT ProPlan/controllers/default.py: 0
[2020-02-07 15:32:26] EDIT ProPlan/controllers/default.py: 0
[2020-02-07 15:33:34] EDIT ProPlan/views/add_something.html: 0
[2020-02-07 15:40:37] EDIT ProPlan/controllers/default.py: 4
[2020-02-07 15:45:46] EDIT ProPlan/controllers/default.py: 0
[2020-02-07 15:45:58] EDIT ProPlan/controllers/default.py: 0
[2020-02-07 15:46:42] EDIT ProPlan/controllers/default.py: 0
[2020-02-07 15:47:08] EDIT ProPlan/controllers/default.py: 0
[2020-02-07 15:47:38] EDIT ProPlan/controllers/default.py: 0
[2020-02-07 15:47:58] EDIT ProPlan/controllers/default.py: 0
[2020-02-07 15:48:16] EDIT ProPlan/controllers/default.py: 0
[2020-02-07 15:56:33] EDIT ProPlan/controllers/default.py: -2
[2020-02-07 16:02:00] CREATE view_utenti.html: 0
[2020-02-07 16:02:15] EDIT ProPlan/views/view_utenti.html: 0
[2020-02-07 16:02:21] EDIT ProPlan/controllers/default.py: 4
[2020-02-14 08:55:34] EDIT ProPlan/controllers/default.py: 5
[2020-02-14 08:56:22] EDIT ProPlan/controllers/default.py: 0
[2020-02-14 08:56:28] EDIT ProPlan/controllers/default.py: 0
[2020-02-14 08:57:29] EDIT ProPlan/controllers/default.py: 1
[2020-02-14 08:58:24] EDIT ProPlan/controllers/default.py: 0
[2020-02-14 08:58:26] EDIT ProPlan/controllers/default.py: 0
[2020-02-14 09:01:18] EDIT ProPlan/controllers/default.py: 0
[2020-02-14 09:01:44] EDIT ProPlan/controllers/default.py: 1
[2020-02-14 09:01:46] EDIT ProPlan/controllers/default.py: 0
[2020-02-14 09:12:47] EDIT ProPlan/controllers/default.py: 5
[2020-02-14 09:13:29] EDIT ProPlan/controllers/default.py: 2
[2020-02-14 09:13:43] EDIT ProPlan/controllers/default.py: -7
[2020-02-14 09:14:42] EDIT ProPlan/controllers/default.py: 0
[2020-02-14 09:15:01] EDIT ProPlan/controllers/default.py: 0
[2020-02-14 09:15:22] EDIT ProPlan/controllers/default.py: 1
[2020-02-14 09:19:38] EDIT ProPlan/models/db_wizard.py: 0
[2020-02-14 09:19:43] EDIT ProPlan/models/db_wizard.py: 0
[2020-02-14 09:20:14] EDIT ProPlan/models/db_wizard.py: 0
[2020-02-14 09:40:31] EDIT ProPlan/models/db_wizard.py: 0
